
2.1.elf:     file format elf32-littlearm


Disassembly of section .text:

20000000 <i-0x14>:
	LDR 	R1,=c
20000000:	4906      	ldr	r1, [pc, #24]	; (2000001c <c+0x2>)
	LDRB	R0,='A'
20000002:	4807      	ldr	r0, [pc, #28]	; (20000020 <c+0x6>)
	STRB	R0,[R1]
20000004:	7008      	strb	r0, [r1, #0]
	LDR	R1,=s
20000006:	4907      	ldr	r1, [pc, #28]	; (20000024 <c+0xa>)
	LDRH	R0,=1000
20000008:	4807      	ldr	r0, [pc, #28]	; (20000028 <c+0xe>)
	STRH	R0,[R1]
2000000a:	8008      	strh	r0, [r1, #0]
	LDR	R1,=i
2000000c:	4907      	ldr	r1, [pc, #28]	; (2000002c <c+0x12>)
	LDR	R0,=100000
2000000e:	4808      	ldr	r0, [pc, #32]	; (20000030 <c+0x16>)
	STR	R0,[R1]
20000010:	6008      	str	r0, [r1, #0]
20000012:	46c0      	nop			; (mov r8, r8)

20000014 <i>:
20000014:	00000000 	.word	0x00000000

20000018 <s>:
	...

2000001a <c>:
2000001a:	0000      	.short	0x0000
2000001c:	2000001a 	.word	0x2000001a
20000020:	00000041 	.word	0x00000041
20000024:	20000018 	.word	0x20000018
20000028:	000003e8 	.word	0x000003e8
2000002c:	20000014 	.word	0x20000014
20000030:	000186a0 	.word	0x000186a0